Using pre-set license
Built from '2020.2/staging' branch; Version is '2020.2.3f1 (8ff31bc5bf5b) revision 9433883'; Using compiler version '192528614'; Build Type 'Release'
OS: 'Windows 10 Home; OS build 19042.867; Version 2009; 64bit' Language: 'nl' Physical Memory: 16227 MB
BatchMode: 1, IsHumanControllingUs: 0, StartBugReporterOnCrash: 0, Is64bit: 1, IsPro: 0

 COMMAND LINE ARGUMENTS:
D:\Program Files\2020.2.3f1\Editor\Unity.exe
-adb2
-batchMode
-noUpm
-name
AssetImportWorker0
-projectPath
D:/Users/student/unity/rocket-assignment-part-1-DuFourOlivier/Week5
-logFile
Logs/AssetImportWorker0.log
-srvPort
63391
Successfully changed project path to: D:/Users/student/unity/rocket-assignment-part-1-DuFourOlivier/Week5
D:/Users/student/unity/rocket-assignment-part-1-DuFourOlivier/Week5
Using Asset Import Pipeline V2.
Refreshing native plugins compatible for Editor in 30.32 ms, found 0 plugins.
Preloading 0 native plugins for Editor in 0.00 ms.
Initialize engine version: 2020.2.3f1 (8ff31bc5bf5b)
[Subsystems] Discovering subsystems at path D:/Program Files/2020.2.3f1/Editor/Data/Resources/UnitySubsystems
[Subsystems] Discovering subsystems at path D:/Users/student/unity/rocket-assignment-part-1-DuFourOlivier/Week5/Assets
GfxDevice: creating device client; threaded=0
Direct3D:
    Version:  Direct3D 11.0 [level 11.1]
    Renderer: NVIDIA GeForce RTX 2060 (ID=0x1f11)
    Vendor:   
    VRAM:     5980 MB
    Driver:   27.21.14.6172
Initialize mono
Mono path[0] = 'D:/Program Files/2020.2.3f1/Editor/Data/Managed'
Mono path[1] = 'D:/Program Files/2020.2.3f1/Editor/Data/MonoBleedingEdge/lib/mono/unityjit'
Mono config path = 'D:/Program Files/2020.2.3f1/Editor/Data/MonoBleedingEdge/etc'
Using monoOptions --debugger-agent=transport=dt_socket,embedding=1,server=y,suspend=n,address=127.0.0.1:56060
Begin MonoManager ReloadAssembly
Registering precompiled unity dll's ...
Register platform support module: D:/Program Files/2020.2.3f1/Editor/Data/PlaybackEngines/WebGLSupport/UnityEditor.WebGL.Extensions.dll
Register platform support module: D:/Program Files/2020.2.3f1/Editor/Data/PlaybackEngines/WindowsStandaloneSupport/UnityEditor.WindowsStandalone.Extensions.dll
Registered in 0.002529 seconds.
Native extension for WindowsStandalone target not found
Native extension for WebGL target not found
Refreshing native plugins compatible for Editor in 28.66 ms, found 0 plugins.
Preloading 0 native plugins for Editor in 0.00 ms.
Invoked RoslynAnalysisRunner static constructor.
RoslynAnalysisRunner will not be running.
RoslynAnalysisRunner has terminated.
Mono: successfully reloaded assembly
- Completed reload, in  1.419 seconds
Platform modules already initialized, skipping
Registering precompiled user dll's ...
Registered in 0.001301 seconds.
Begin MonoManager ReloadAssembly
Native extension for WindowsStandalone target not found
Native extension for WebGL target not found
Refreshing native plugins compatible for Editor in 0.25 ms, found 0 plugins.
Preloading 0 native plugins for Editor in 0.00 ms.
Invoked RoslynAnalysisRunner static constructor.
RoslynAnalysisRunner will not be running.
RoslynAnalysisRunner has terminated.
Mono: successfully reloaded assembly
- Completed reload, in  0.779 seconds
Platform modules already initialized, skipping
========================================================================
Worker process is ready to serve import requests
Launched and connected shader compiler UnityShaderCompiler.exe after 0.47 seconds
Refreshing native plugins compatible for Editor in 0.40 ms, found 0 plugins.
Preloading 0 native plugins for Editor in 0.00 ms.
Unloading 1245 Unused Serialized files (Serialized files now loaded: 0)
System memory in use before: 69.5 MB.
System memory in use after: 69.3 MB.

Unloading 10 unused Assets to reduce memory usage. Loaded Objects now: 1694.
Total: 1.547100 ms (FindLiveObjects: 0.124400 ms CreateObjectMapping: 0.037600 ms MarkObjects: 1.125500 ms  DeleteObjects: 0.258800 ms)

========================================================================
Received Import Request.
  path: Assets/Scenes/level2.unity
  artifactKey: Guid(f3ba3e0135b76054884bd741281192e0) Importer(815301076,1909f56bfc062723c751e8b465ee728b)
Start importing Assets/Scenes/level2.unity using Guid(f3ba3e0135b76054884bd741281192e0) Importer(815301076,1909f56bfc062723c751e8b465ee728b)  -> (artifact id: '0e523723c49f49dbe105fb200f829c0a') in 0.011182 seconds
  Import took 0.013144 seconds .

========================================================================
Received Import Request.
  Time since last request: 0.000217 seconds.
  path: Assets/Scenes/week5.unity
  artifactKey: Guid(0a1fda6371fdf3744b589232e14fdfab) Importer(815301076,1909f56bfc062723c751e8b465ee728b)
Start importing Assets/Scenes/week5.unity using Guid(0a1fda6371fdf3744b589232e14fdfab) Importer(815301076,1909f56bfc062723c751e8b465ee728b)  -> (artifact id: '8c0a3f309c0324062a5dbdb39fde5e12') in 0.006906 seconds
  Import took 0.008834 seconds .

========================================================================
Received Import Request.
  Time since last request: 383.988549 seconds.
  path: Assets/prefabs/Main Camera.prefab
  artifactKey: Guid(612a0b4dff2e49846915b2aaa8b31fe1) Importer(815301076,1909f56bfc062723c751e8b465ee728b)
Start importing Assets/prefabs/Main Camera.prefab using Guid(612a0b4dff2e49846915b2aaa8b31fe1) Importer(815301076,1909f56bfc062723c751e8b465ee728b)  -> (artifact id: 'd48d124cd0a35b2a3d4b018f03237e2d') in 0.073881 seconds
  Import took 0.076259 seconds .

========================================================================
Received Prepare
Registering precompiled user dll's ...
Registered in 0.001450 seconds.
Begin MonoManager ReloadAssembly
Native extension for WindowsStandalone target not found
Native extension for WebGL target not found
Refreshing native plugins compatible for Editor in 0.31 ms, found 0 plugins.
Preloading 0 native plugins for Editor in 0.00 ms.
Invoked RoslynAnalysisRunner static constructor.
RoslynAnalysisRunner will not be running.
RoslynAnalysisRunner has terminated.
Mono: successfully reloaded assembly
- Completed reload, in  0.718 seconds
Platform modules already initialized, skipping
Refreshing native plugins compatible for Editor in 0.33 ms, found 0 plugins.
Preloading 0 native plugins for Editor in 0.00 ms.
Unloading 1219 Unused Serialized files (Serialized files now loaded: 0)
System memory in use before: 67.9 MB.
System memory in use after: 67.7 MB.

Unloading 6 unused Assets to reduce memory usage. Loaded Objects now: 1698.
Total: 1.806700 ms (FindLiveObjects: 0.156500 ms CreateObjectMapping: 0.040500 ms MarkObjects: 1.335700 ms  DeleteObjects: 0.272900 ms)

========================================================================
Received Import Request.
  Time since last request: 103.836995 seconds.
  path: Assets/prefabs/Main Camera.prefab
  artifactKey: Guid(612a0b4dff2e49846915b2aaa8b31fe1) Importer(815301076,1909f56bfc062723c751e8b465ee728b)
Start importing Assets/prefabs/Main Camera.prefab using Guid(612a0b4dff2e49846915b2aaa8b31fe1) Importer(815301076,1909f56bfc062723c751e8b465ee728b)  -> (artifact id: '3a18941627417b9f2091afec6e4ca79c') in 0.039711 seconds
  Import took 0.041957 seconds .

========================================================================
Received Import Request.
  Time since last request: 16.228733 seconds.
  path: Assets/prefabs/Main Camera.prefab
  artifactKey: Guid(612a0b4dff2e49846915b2aaa8b31fe1) Importer(815301076,1909f56bfc062723c751e8b465ee728b)
Start importing Assets/prefabs/Main Camera.prefab using Guid(612a0b4dff2e49846915b2aaa8b31fe1) Importer(815301076,1909f56bfc062723c751e8b465ee728b)  -> (artifact id: '5003a2c0eff3779a55e22e6502231091') in 0.007231 seconds
  Import took 0.009394 seconds .

========================================================================
Received Import Request.
  Time since last request: 0.011411 seconds.
  path: Assets/prefabs/Main Camera.prefab
  artifactKey: Guid(612a0b4dff2e49846915b2aaa8b31fe1) Importer(815301076,1909f56bfc062723c751e8b465ee728b)
Start importing Assets/prefabs/Main Camera.prefab using Guid(612a0b4dff2e49846915b2aaa8b31fe1) Importer(815301076,1909f56bfc062723c751e8b465ee728b)  -> (artifact id: '5003a2c0eff3779a55e22e6502231091') in 0.008274 seconds
  Import took 0.010847 seconds .

========================================================================
Received Import Request.
  Time since last request: 19.228092 seconds.
  path: Assets/prefabs/Finish.prefab
  artifactKey: Guid(8375af55e28097844a92620c85307124) Importer(815301076,1909f56bfc062723c751e8b465ee728b)
Start importing Assets/prefabs/Finish.prefab using Guid(8375af55e28097844a92620c85307124) Importer(815301076,1909f56bfc062723c751e8b465ee728b)  -> (artifact id: 'bc0d955659e2ca27b06046c7e5fab3e5') in 0.008571 seconds
  Import took 0.010737 seconds .

========================================================================
Received Import Request.
  Time since last request: 0.003202 seconds.
  path: Assets/prefabs/Finish.prefab
  artifactKey: Guid(8375af55e28097844a92620c85307124) Importer(815301076,1909f56bfc062723c751e8b465ee728b)
Start importing Assets/prefabs/Finish.prefab using Guid(8375af55e28097844a92620c85307124) Importer(815301076,1909f56bfc062723c751e8b465ee728b)  -> (artifact id: 'bc0d955659e2ca27b06046c7e5fab3e5') in 0.006979 seconds
  Import took 0.009270 seconds .

========================================================================
Received Import Request.
  Time since last request: 159.264194 seconds.
  path: Assets/scripts/disappear.cs
  artifactKey: Guid(ed4ef1ac052300e469c5efbc3edfebe2) Importer(815301076,1909f56bfc062723c751e8b465ee728b)
Start importing Assets/scripts/disappear.cs using Guid(ed4ef1ac052300e469c5efbc3edfebe2) Importer(815301076,1909f56bfc062723c751e8b465ee728b)  -> (artifact id: 'b508ba2f9b78dbf5d69808d4f30048a5') in 0.012841 seconds
  Import took 0.016005 seconds .

AssetImportWorkerClient::OnTransportError - code=2 error=End of file
