Using pre-set license
Built from '2020.2/staging' branch; Version is '2020.2.3f1 (8ff31bc5bf5b) revision 9433883'; Using compiler version '192528614'; Build Type 'Release'
OS: 'Windows 10 Home; OS build 19042.928; Version 2009; 64bit' Language: 'nl' Physical Memory: 16227 MB
BatchMode: 1, IsHumanControllingUs: 0, StartBugReporterOnCrash: 0, Is64bit: 1, IsPro: 0

 COMMAND LINE ARGUMENTS:
D:\Program Files\2020.2.3f1\Editor\Unity.exe
-adb2
-batchMode
-noUpm
-name
AssetImportWorker0
-projectPath
D:/Users/student/unity/rocket-assignment-part-1-DuFourOlivier/week7&8
-logFile
Logs/AssetImportWorker0.log
-srvPort
65025
Successfully changed project path to: D:/Users/student/unity/rocket-assignment-part-1-DuFourOlivier/week7&8
D:/Users/student/unity/rocket-assignment-part-1-DuFourOlivier/week7&8
Using Asset Import Pipeline V2.
Refreshing native plugins compatible for Editor in 36.02 ms, found 0 plugins.
Preloading 0 native plugins for Editor in 0.00 ms.
Initialize engine version: 2020.2.3f1 (8ff31bc5bf5b)
[Subsystems] Discovering subsystems at path D:/Program Files/2020.2.3f1/Editor/Data/Resources/UnitySubsystems
[Subsystems] Discovering subsystems at path D:/Users/student/unity/rocket-assignment-part-1-DuFourOlivier/week7&8/Assets
GfxDevice: creating device client; threaded=0
Direct3D:
    Version:  Direct3D 11.0 [level 11.1]
    Renderer: NVIDIA GeForce RTX 2060 (ID=0x1f11)
    Vendor:   
    VRAM:     5980 MB
    Driver:   27.21.14.6172
Initialize mono
Mono path[0] = 'D:/Program Files/2020.2.3f1/Editor/Data/Managed'
Mono path[1] = 'D:/Program Files/2020.2.3f1/Editor/Data/MonoBleedingEdge/lib/mono/unityjit'
Mono config path = 'D:/Program Files/2020.2.3f1/Editor/Data/MonoBleedingEdge/etc'
Using monoOptions --debugger-agent=transport=dt_socket,embedding=1,server=y,suspend=n,address=127.0.0.1:56972
Begin MonoManager ReloadAssembly
Registering precompiled unity dll's ...
Register platform support module: D:/Program Files/2020.2.3f1/Editor/Data/PlaybackEngines/WebGLSupport/UnityEditor.WebGL.Extensions.dll
Register platform support module: D:/Program Files/2020.2.3f1/Editor/Data/PlaybackEngines/WindowsStandaloneSupport/UnityEditor.WindowsStandalone.Extensions.dll
Registered in 0.002733 seconds.
Native extension for WindowsStandalone target not found
Native extension for WebGL target not found
Refreshing native plugins compatible for Editor in 22.99 ms, found 0 plugins.
Preloading 0 native plugins for Editor in 0.00 ms.
Invoked RoslynAnalysisRunner static constructor.
RoslynAnalysisRunner will not be running.
RoslynAnalysisRunner has terminated.
Mono: successfully reloaded assembly
- Completed reload, in  1.397 seconds
Platform modules already initialized, skipping
Registering precompiled user dll's ...
Registered in 0.001511 seconds.
Begin MonoManager ReloadAssembly
Native extension for WindowsStandalone target not found
Native extension for WebGL target not found
Refreshing native plugins compatible for Editor in 0.20 ms, found 0 plugins.
Preloading 0 native plugins for Editor in 0.00 ms.
Invoked RoslynAnalysisRunner static constructor.
RoslynAnalysisRunner will not be running.
RoslynAnalysisRunner has terminated.
Mono: successfully reloaded assembly
- Completed reload, in  1.114 seconds
Platform modules already initialized, skipping
========================================================================
Worker process is ready to serve import requests
Launched and connected shader compiler UnityShaderCompiler.exe after 0.05 seconds
Refreshing native plugins compatible for Editor in 0.20 ms, found 0 plugins.
Preloading 0 native plugins for Editor in 0.00 ms.
Unloading 1131 Unused Serialized files (Serialized files now loaded: 0)
System memory in use before: 70.7 MB.
System memory in use after: 70.8 MB.

Unloading 9 unused Assets to reduce memory usage. Loaded Objects now: 1599.
Total: 1.464300 ms (FindLiveObjects: 0.130300 ms CreateObjectMapping: 0.036300 ms MarkObjects: 1.207500 ms  DeleteObjects: 0.089400 ms)

========================================================================
Received Import Request.
  path: Assets/Scenes
  artifactKey: Guid(9cd0d553650509145b35b5bd72f91195) Importer(815301076,1909f56bfc062723c751e8b465ee728b)
Start importing Assets/Scenes using Guid(9cd0d553650509145b35b5bd72f91195) Importer(815301076,1909f56bfc062723c751e8b465ee728b)  -> (artifact id: '8faedb37e0fa48b24ad4cce1e493f9d8') in 0.006195 seconds
  Import took 0.007910 seconds .

========================================================================
Received Import Request.
  Time since last request: 1.212522 seconds.
  path: Assets/prefabs/TImeline.playable
  artifactKey: Guid(6e8f511ca358d924f91750a270601ab1) Importer(815301076,1909f56bfc062723c751e8b465ee728b)
Start importing Assets/prefabs/TImeline.playable using Guid(6e8f511ca358d924f91750a270601ab1) Importer(815301076,1909f56bfc062723c751e8b465ee728b)  -> (artifact id: '54600db01221c09c898d7399b02251ed') in 0.052531 seconds
  Import took 0.054281 seconds .

========================================================================
Received Import Request.
  Time since last request: 15.067743 seconds.
  path: Assets/Terrain
  artifactKey: Guid(a16e8b272ef2e03499cc0235d468e614) Importer(815301076,1909f56bfc062723c751e8b465ee728b)
Start importing Assets/Terrain using Guid(a16e8b272ef2e03499cc0235d468e614) Importer(815301076,1909f56bfc062723c751e8b465ee728b)  -> (artifact id: 'c00551cb966145240a4d9d87aadf7581') in 0.004995 seconds
  Import took 0.007179 seconds .

========================================================================
Received Import Request.
  Time since last request: 14.716618 seconds.
  path: Assets/epyphany
  artifactKey: Guid(94cdc6ca62aa4174b9476cc5b91e68a0) Importer(815301076,1909f56bfc062723c751e8b465ee728b)
Start importing Assets/epyphany using Guid(94cdc6ca62aa4174b9476cc5b91e68a0) Importer(815301076,1909f56bfc062723c751e8b465ee728b)  -> (artifact id: 'f8b4b7e915a6045e9154e6647dc3ddb9') in 0.005624 seconds
  Import took 0.008322 seconds .

========================================================================
Received Prepare
Registering precompiled user dll's ...
Registered in 0.001706 seconds.
Begin MonoManager ReloadAssembly
Native extension for WindowsStandalone target not found
Native extension for WebGL target not found
Refreshing native plugins compatible for Editor in 0.21 ms, found 0 plugins.
Preloading 0 native plugins for Editor in 0.00 ms.
Invoked RoslynAnalysisRunner static constructor.
RoslynAnalysisRunner will not be running.
RoslynAnalysisRunner has terminated.
Mono: successfully reloaded assembly
- Completed reload, in  0.715 seconds
Platform modules already initialized, skipping
Refreshing native plugins compatible for Editor in 0.22 ms, found 0 plugins.
Preloading 0 native plugins for Editor in 0.00 ms.
Unloading 1126 Unused Serialized files (Serialized files now loaded: 0)
System memory in use before: 70.7 MB.
System memory in use after: 70.8 MB.

Unloading 5 unused Assets to reduce memory usage. Loaded Objects now: 1601.
Total: 1.701500 ms (FindLiveObjects: 0.135700 ms CreateObjectMapping: 0.038200 ms MarkObjects: 1.450700 ms  DeleteObjects: 0.075800 ms)

========================================================================
Received Import Request.
  Time since last request: 12.319826 seconds.
  path: Assets/prefabs/AlienFighter Variant.prefab
  artifactKey: Guid(4d45de603c5b0c4409d6db81afe3974d) Importer(815301076,1909f56bfc062723c751e8b465ee728b)
Start importing Assets/prefabs/AlienFighter Variant.prefab using Guid(4d45de603c5b0c4409d6db81afe3974d) Importer(815301076,1909f56bfc062723c751e8b465ee728b)  -> (artifact id: '9df9a34d5fd817c73cca49333ef77489') in 0.131328 seconds
  Import took 0.133658 seconds .

========================================================================
Received Import Request.
  Time since last request: 0.469306 seconds.
  path: Assets/prefabs/AlienFighter Variant.prefab
  artifactKey: Guid(4d45de603c5b0c4409d6db81afe3974d) Importer(815301076,1909f56bfc062723c751e8b465ee728b)
Start importing Assets/prefabs/AlienFighter Variant.prefab using Guid(4d45de603c5b0c4409d6db81afe3974d) Importer(815301076,1909f56bfc062723c751e8b465ee728b)  -> (artifact id: '9df9a34d5fd817c73cca49333ef77489') in 0.048565 seconds
  Import took 0.051286 seconds .

========================================================================
Received Import Request.
  Time since last request: 16.655196 seconds.
  path: Assets/prefabs/Main Camera.prefab
  artifactKey: Guid(458293dd1a59c9a47a3e21b26f0946ae) Importer(815301076,1909f56bfc062723c751e8b465ee728b)
Start importing Assets/prefabs/Main Camera.prefab using Guid(458293dd1a59c9a47a3e21b26f0946ae) Importer(815301076,1909f56bfc062723c751e8b465ee728b)  -> (artifact id: '99f23736fee42712f3bd599b185a9860') in 0.029807 seconds
  Import took 0.032236 seconds .

========================================================================
Received Import Request.
  Time since last request: 0.011234 seconds.
  path: Assets/prefabs/Main Camera.prefab
  artifactKey: Guid(458293dd1a59c9a47a3e21b26f0946ae) Importer(815301076,1909f56bfc062723c751e8b465ee728b)
Start importing Assets/prefabs/Main Camera.prefab using Guid(458293dd1a59c9a47a3e21b26f0946ae) Importer(815301076,1909f56bfc062723c751e8b465ee728b)  -> (artifact id: '99f23736fee42712f3bd599b185a9860') in 0.017549 seconds
  Import took 0.019528 seconds .

========================================================================
Received Import Request.
  Time since last request: 28.835997 seconds.
  path: Assets/prefabs/spaceship.prefab
  artifactKey: Guid(458293dd1a59c9a47a3e21b26f0946ae) Importer(815301076,1909f56bfc062723c751e8b465ee728b)
Start importing Assets/prefabs/spaceship.prefab using Guid(458293dd1a59c9a47a3e21b26f0946ae) Importer(815301076,1909f56bfc062723c751e8b465ee728b)  -> (artifact id: 'b7219b29108a0e7f9ac7e85d63553612') in 0.018443 seconds
  Import took 0.020423 seconds .

========================================================================
Received Prepare
Registering precompiled user dll's ...
Registered in 0.001677 seconds.
Begin MonoManager ReloadAssembly
Native extension for WindowsStandalone target not found
Native extension for WebGL target not found
Refreshing native plugins compatible for Editor in 0.21 ms, found 0 plugins.
Preloading 0 native plugins for Editor in 0.00 ms.
Invoked RoslynAnalysisRunner static constructor.
RoslynAnalysisRunner will not be running.
RoslynAnalysisRunner has terminated.
Mono: successfully reloaded assembly
- Completed reload, in  0.771 seconds
Platform modules already initialized, skipping
Refreshing native plugins compatible for Editor in 0.21 ms, found 0 plugins.
Preloading 0 native plugins for Editor in 0.00 ms.
Unloading 1126 Unused Serialized files (Serialized files now loaded: 0)
System memory in use before: 74.0 MB.
System memory in use after: 74.1 MB.

Unloading 5 unused Assets to reduce memory usage. Loaded Objects now: 1613.
Total: 1.551000 ms (FindLiveObjects: 0.117200 ms CreateObjectMapping: 0.031700 ms MarkObjects: 1.332400 ms  DeleteObjects: 0.068700 ms)

========================================================================
Received Prepare
Registering precompiled user dll's ...
Registered in 0.001838 seconds.
Begin MonoManager ReloadAssembly
Native extension for WindowsStandalone target not found
Native extension for WebGL target not found
Refreshing native plugins compatible for Editor in 0.20 ms, found 0 plugins.
Preloading 0 native plugins for Editor in 0.00 ms.
Invoked RoslynAnalysisRunner static constructor.
RoslynAnalysisRunner will not be running.
RoslynAnalysisRunner has terminated.
Mono: successfully reloaded assembly
- Completed reload, in  0.772 seconds
Platform modules already initialized, skipping
Refreshing native plugins compatible for Editor in 0.20 ms, found 0 plugins.
Preloading 0 native plugins for Editor in 0.00 ms.
Unloading 1126 Unused Serialized files (Serialized files now loaded: 0)
System memory in use before: 74.0 MB.
System memory in use after: 74.1 MB.

Unloading 5 unused Assets to reduce memory usage. Loaded Objects now: 1615.
Total: 1.564500 ms (FindLiveObjects: 0.149900 ms CreateObjectMapping: 0.060500 ms MarkObjects: 1.272100 ms  DeleteObjects: 0.081000 ms)

========================================================================
Received Prepare
Registering precompiled user dll's ...
Registered in 0.001655 seconds.
Begin MonoManager ReloadAssembly
Native extension for WindowsStandalone target not found
Native extension for WebGL target not found
Refreshing native plugins compatible for Editor in 0.21 ms, found 0 plugins.
Preloading 0 native plugins for Editor in 0.00 ms.
Invoked RoslynAnalysisRunner static constructor.
RoslynAnalysisRunner will not be running.
RoslynAnalysisRunner has terminated.
Mono: successfully reloaded assembly
- Completed reload, in  0.755 seconds
Platform modules already initialized, skipping
Refreshing native plugins compatible for Editor in 0.26 ms, found 0 plugins.
Preloading 0 native plugins for Editor in 0.00 ms.
Unloading 1126 Unused Serialized files (Serialized files now loaded: 0)
System memory in use before: 74.0 MB.
System memory in use after: 74.1 MB.

Unloading 5 unused Assets to reduce memory usage. Loaded Objects now: 1617.
Total: 1.484900 ms (FindLiveObjects: 0.130600 ms CreateObjectMapping: 0.033300 ms MarkObjects: 1.247900 ms  DeleteObjects: 0.071700 ms)

========================================================================
Received Prepare
Registering precompiled user dll's ...
Registered in 0.001742 seconds.
Begin MonoManager ReloadAssembly
Native extension for WindowsStandalone target not found
Native extension for WebGL target not found
Refreshing native plugins compatible for Editor in 0.22 ms, found 0 plugins.
Preloading 0 native plugins for Editor in 0.00 ms.
Invoked RoslynAnalysisRunner static constructor.
RoslynAnalysisRunner will not be running.
RoslynAnalysisRunner has terminated.
Mono: successfully reloaded assembly
- Completed reload, in  0.847 seconds
Platform modules already initialized, skipping
Refreshing native plugins compatible for Editor in 0.20 ms, found 0 plugins.
Preloading 0 native plugins for Editor in 0.00 ms.
Unloading 1126 Unused Serialized files (Serialized files now loaded: 0)
System memory in use before: 74.0 MB.
System memory in use after: 74.1 MB.

Unloading 5 unused Assets to reduce memory usage. Loaded Objects now: 1619.
Total: 1.985000 ms (FindLiveObjects: 0.159000 ms CreateObjectMapping: 0.049400 ms MarkObjects: 1.676700 ms  DeleteObjects: 0.098100 ms)

========================================================================
Received Import Request.
  Time since last request: 1132.596684 seconds.
  path: Assets/prefabs/Terrain.prefab
  artifactKey: Guid(02f6aff962d61d641862bcc666564d85) Importer(815301076,1909f56bfc062723c751e8b465ee728b)
Start importing Assets/prefabs/Terrain.prefab using Guid(02f6aff962d61d641862bcc666564d85) Importer(815301076,1909f56bfc062723c751e8b465ee728b)  -> (artifact id: '81e0eb691896283b210cf151685af9ab') in 0.025054 seconds
  Import took 0.027117 seconds .

========================================================================
Received Import Request.
  Time since last request: 0.009617 seconds.
  path: Assets/prefabs/Terrain.prefab
  artifactKey: Guid(02f6aff962d61d641862bcc666564d85) Importer(815301076,1909f56bfc062723c751e8b465ee728b)
Start importing Assets/prefabs/Terrain.prefab using Guid(02f6aff962d61d641862bcc666564d85) Importer(815301076,1909f56bfc062723c751e8b465ee728b)  -> (artifact id: '81e0eb691896283b210cf151685af9ab') in 0.005816 seconds
  Import took 0.007627 seconds .

========================================================================
Received Prepare
Registering precompiled user dll's ...
Registered in 0.001854 seconds.
Begin MonoManager ReloadAssembly
Native extension for WindowsStandalone target not found
Native extension for WebGL target not found
Refreshing native plugins compatible for Editor in 0.22 ms, found 0 plugins.
Preloading 0 native plugins for Editor in 0.00 ms.
Invoked RoslynAnalysisRunner static constructor.
RoslynAnalysisRunner will not be running.
RoslynAnalysisRunner has terminated.
Mono: successfully reloaded assembly
- Completed reload, in  0.829 seconds
Platform modules already initialized, skipping
Refreshing native plugins compatible for Editor in 0.46 ms, found 0 plugins.
Preloading 0 native plugins for Editor in 0.00 ms.
Unloading 1126 Unused Serialized files (Serialized files now loaded: 0)
System memory in use before: 74.0 MB.
System memory in use after: 74.1 MB.

Unloading 5 unused Assets to reduce memory usage. Loaded Objects now: 1621.
Total: 5.375800 ms (FindLiveObjects: 0.633700 ms CreateObjectMapping: 0.135900 ms MarkObjects: 4.399500 ms  DeleteObjects: 0.204500 ms)

========================================================================
Received Prepare
Registering precompiled user dll's ...
Registered in 0.002654 seconds.
Begin MonoManager ReloadAssembly
Native extension for WindowsStandalone target not found
Native extension for WebGL target not found
Refreshing native plugins compatible for Editor in 0.20 ms, found 0 plugins.
Preloading 0 native plugins for Editor in 0.00 ms.
Invoked RoslynAnalysisRunner static constructor.
RoslynAnalysisRunner will not be running.
RoslynAnalysisRunner has terminated.
Mono: successfully reloaded assembly
- Completed reload, in  0.739 seconds
Platform modules already initialized, skipping
Refreshing native plugins compatible for Editor in 0.20 ms, found 0 plugins.
Preloading 0 native plugins for Editor in 0.00 ms.
Unloading 1126 Unused Serialized files (Serialized files now loaded: 0)
System memory in use before: 74.0 MB.
System memory in use after: 74.1 MB.

Unloading 5 unused Assets to reduce memory usage. Loaded Objects now: 1623.
Total: 1.886700 ms (FindLiveObjects: 0.148100 ms CreateObjectMapping: 0.039800 ms MarkObjects: 1.609800 ms  DeleteObjects: 0.088000 ms)

========================================================================
Received Prepare
Registering precompiled user dll's ...
Registered in 0.003410 seconds.
Begin MonoManager ReloadAssembly
Native extension for WindowsStandalone target not found
Native extension for WebGL target not found
Refreshing native plugins compatible for Editor in 0.21 ms, found 0 plugins.
Preloading 0 native plugins for Editor in 0.00 ms.
Invoked RoslynAnalysisRunner static constructor.
RoslynAnalysisRunner will not be running.
RoslynAnalysisRunner has terminated.
Mono: successfully reloaded assembly
- Completed reload, in  0.716 seconds
Platform modules already initialized, skipping
Refreshing native plugins compatible for Editor in 0.23 ms, found 0 plugins.
Preloading 0 native plugins for Editor in 0.00 ms.
Unloading 1126 Unused Serialized files (Serialized files now loaded: 0)
System memory in use before: 74.1 MB.
System memory in use after: 74.1 MB.

Unloading 5 unused Assets to reduce memory usage. Loaded Objects now: 1625.
Total: 1.600000 ms (FindLiveObjects: 0.143800 ms CreateObjectMapping: 0.041200 ms MarkObjects: 1.341800 ms  DeleteObjects: 0.072300 ms)

AssetImportWorkerClient::OnTransportError - code=2 error=End of file
